2023-04-02 23:17:45.321558 - Initialized conversion of CBT300
2023-04-02 23:17:51.018600 - Received SBGOLOB.CBT505.FILE300 from FILE300.XMI 
2023-04-02 23:17:51.022668 - Found $$$#DATE.txt (text/plain) in SBGOLOB.CBT505.FILE300, moved to FILE300/$$$#DATE
2023-04-02 23:17:51.023815 - Found $$CHANLG.txt (text/plain) in SBGOLOB.CBT505.FILE300, moved to FILE300/$$CHANLG
2023-04-02 23:17:51.025199 - Found $$PROSE.txt (text/plain) in SBGOLOB.CBT505.FILE300, moved to FILE300/$$PROSE
2023-04-02 23:17:51.026764 - Found $$ZDOC.txt (text/plain) in SBGOLOB.CBT505.FILE300, moved to FILE300/$$ZDOC
2023-04-02 23:17:51.027901 - Found $DI.txt (text/plain) in SBGOLOB.CBT505.FILE300, moved to FILE300/$DI
2023-04-02 23:17:51.029108 - Found $DI$.txt (text/plain) in SBGOLOB.CBT505.FILE300, moved to FILE300/$DI$
2023-04-02 23:17:51.030213 - Found $DI#.txt (text/plain) in SBGOLOB.CBT505.FILE300, moved to FILE300/$DI#
2023-04-02 23:17:51.031181 - Found $DIO.txt (text/plain) in SBGOLOB.CBT505.FILE300, moved to FILE300/$DIO
2023-04-02 23:17:51.032359 - Found @FILE300.txt (text/plain) in SBGOLOB.CBT505.FILE300, moved to FILE300/@FILE300
2023-04-02 23:17:51.033468 - Found ABEND#.txt (text/plain) in SBGOLOB.CBT505.FILE300, moved to FILE300/ABEND#
2023-04-02 23:17:51.034856 - Found ABEND##.txt (text/plain) in SBGOLOB.CBT505.FILE300, moved to FILE300/ABEND##
2023-04-02 23:17:51.036001 - Found ACTIVE.txt (text/plain) in SBGOLOB.CBT505.FILE300, moved to FILE300/ACTIVE
2023-04-02 23:17:51.036971 - Found ASK.txt (text/plain) in SBGOLOB.CBT505.FILE300, moved to FILE300/ASK
2023-04-02 23:17:51.037940 - Found ASK$.txt (text/plain) in SBGOLOB.CBT505.FILE300, moved to FILE300/ASK$
2023-04-02 23:17:51.039158 - Found ASK#.txt (text/plain) in SBGOLOB.CBT505.FILE300, moved to FILE300/ASK#
2023-04-02 23:17:51.040199 - Found ASMF$.txt (text/plain) in SBGOLOB.CBT505.FILE300, moved to FILE300/ASMF$
2023-04-02 23:17:51.041266 - Found ASMF#.txt (text/plain) in SBGOLOB.CBT505.FILE300, moved to FILE300/ASMF#
2023-04-02 23:17:51.042366 - Found ASMG.txt (text/plain) in SBGOLOB.CBT505.FILE300, moved to FILE300/ASMG
2023-04-02 23:17:51.043594 - Found ASMG$.txt (text/plain) in SBGOLOB.CBT505.FILE300, moved to FILE300/ASMG$
2023-04-02 23:17:51.044819 - Found ASMG#.txt (text/plain) in SBGOLOB.CBT505.FILE300, moved to FILE300/ASMG#
2023-04-02 23:17:51.045919 - Found ASMG2.txt (text/plain) in SBGOLOB.CBT505.FILE300, moved to FILE300/ASMG2
2023-04-02 23:17:51.047197 - Found ASMH.txt (text/plain) in SBGOLOB.CBT505.FILE300, moved to FILE300/ASMH
2023-04-02 23:17:51.048330 - Found ASMH$.txt (text/plain) in SBGOLOB.CBT505.FILE300, moved to FILE300/ASMH$
2023-04-02 23:17:51.049529 - Found ASMH#.txt (text/plain) in SBGOLOB.CBT505.FILE300, moved to FILE300/ASMH#
2023-04-02 23:17:51.050716 - Found ASMHNOX.txt (text/plain) in SBGOLOB.CBT505.FILE300, moved to FILE300/ASMHNOX
2023-04-02 23:17:51.051842 - Found AUCMD.txt (text/plain) in SBGOLOB.CBT505.FILE300, moved to FILE300/AUCMD
2023-04-02 23:17:51.053045 - Found AUCMD$.jcl (text/plain) in SBGOLOB.CBT505.FILE300, moved to FILE300/AUCMD$
2023-04-02 23:17:51.054283 - Found AUCMD#.txt (text/plain) in SBGOLOB.CBT505.FILE300, moved to FILE300/AUCMD#
2023-04-02 23:17:51.055404 - Found AUCMDA.txt (text/plain) in SBGOLOB.CBT505.FILE300, moved to FILE300/AUCMDA
2023-04-02 23:17:51.056521 - Found AUCMDA$.jcl (text/plain) in SBGOLOB.CBT505.FILE300, moved to FILE300/AUCMDA$
2023-04-02 23:17:51.058068 - Found AUCMD1.txt (text/plain) in SBGOLOB.CBT505.FILE300, moved to FILE300/AUCMD1
2023-04-02 23:17:51.059456 - Found AUCMD2.txt (text/plain) in SBGOLOB.CBT505.FILE300, moved to FILE300/AUCMD2
2023-04-02 23:17:51.060760 - Found AUPGM.txt (text/plain) in SBGOLOB.CBT505.FILE300, moved to FILE300/AUPGM
2023-04-02 23:17:51.062146 - Found AUPGM$.txt (text/plain) in SBGOLOB.CBT505.FILE300, moved to FILE300/AUPGM$
2023-04-02 23:17:51.063385 - Found AUPGM#.txt (text/plain) in SBGOLOB.CBT505.FILE300, moved to FILE300/AUPGM#
2023-04-02 23:17:51.064567 - Found CALC.txt (text/plain) in SBGOLOB.CBT505.FILE300, moved to FILE300/CALC
2023-04-02 23:17:51.065892 - Found CALC$.jcl (text/plain) in SBGOLOB.CBT505.FILE300, moved to FILE300/CALC$
2023-04-02 23:17:51.067244 - Found CALC$O.txt (text/plain) in SBGOLOB.CBT505.FILE300, moved to FILE300/CALC$O
2023-04-02 23:17:51.068689 - Found CALC#.txt (text/plain) in SBGOLOB.CBT505.FILE300, moved to FILE300/CALC#
2023-04-02 23:17:51.069911 - Found CALC@.txt (text/plain) in SBGOLOB.CBT505.FILE300, moved to FILE300/CALC@
2023-04-02 23:17:51.071113 - Found CALCINST.txt (text/plain) in SBGOLOB.CBT505.FILE300, moved to FILE300/CALCINST
2023-04-02 23:17:51.072308 - Found CALCIN14.jcl (text/plain) in SBGOLOB.CBT505.FILE300, moved to FILE300/CALCIN14
2023-04-02 23:17:51.073557 - Found CALCIN23.jcl (text/plain) in SBGOLOB.CBT505.FILE300, moved to FILE300/CALCIN23
2023-04-02 23:17:51.074811 - Found CALCLE41.jcl (text/plain) in SBGOLOB.CBT505.FILE300, moved to FILE300/CALCLE41
2023-04-02 23:17:51.075858 - Found CALCO.txt (text/plain) in SBGOLOB.CBT505.FILE300, moved to FILE300/CALCO
2023-04-02 23:17:51.077395 - Found CALCSUB.txt (text/plain) in SBGOLOB.CBT505.FILE300, moved to FILE300/CALCSUB
2023-04-02 23:17:51.078693 - Found CALCSUB#.txt (text/plain) in SBGOLOB.CBT505.FILE300, moved to FILE300/CALCSUB#
2023-04-02 23:17:51.080001 - Found CATMAN.txt (text/plain) in SBGOLOB.CBT505.FILE300, moved to FILE300/CATMAN
2023-04-02 23:17:51.081226 - Found CATMAN$.txt (text/plain) in SBGOLOB.CBT505.FILE300, moved to FILE300/CATMAN$
2023-04-02 23:17:51.082545 - Found CATMAN#.txt (text/plain) in SBGOLOB.CBT505.FILE300, moved to FILE300/CATMAN#
2023-04-02 23:17:51.083473 - Found CATPW.txt (text/plain) in SBGOLOB.CBT505.FILE300, moved to FILE300/CATPW
2023-04-02 23:17:51.084523 - Found CATPW#.txt (text/plain) in SBGOLOB.CBT505.FILE300, moved to FILE300/CATPW#
2023-04-02 23:17:51.085601 - Found CDSCB.txt (text/plain) in SBGOLOB.CBT505.FILE300, moved to FILE300/CDSCB
2023-04-02 23:17:51.086560 - Found CDSCB$.jcl (text/plain) in SBGOLOB.CBT505.FILE300, moved to FILE300/CDSCB$
2023-04-02 23:17:51.087630 - Found CDSCB$$.jcl (text/plain) in SBGOLOB.CBT505.FILE300, moved to FILE300/CDSCB$$
2023-04-02 23:17:51.088715 - Found CDSCB#.txt (text/plain) in SBGOLOB.CBT505.FILE300, moved to FILE300/CDSCB#
2023-04-02 23:17:51.089852 - Found CDSCBO.txt (text/plain) in SBGOLOB.CBT505.FILE300, moved to FILE300/CDSCBO
2023-04-02 23:17:51.090961 - Found CDSCB1.txt (text/plain) in SBGOLOB.CBT505.FILE300, moved to FILE300/CDSCB1
2023-04-02 23:17:51.092108 - Found CLRSCRN.txt (text/plain) in SBGOLOB.CBT505.FILE300, moved to FILE300/CLRSCRN
2023-04-02 23:17:51.093162 - Found CLRSCRN$.txt (text/plain) in SBGOLOB.CBT505.FILE300, moved to FILE300/CLRSCRN$
2023-04-02 23:17:51.094191 - Found CLRSCRN#.txt (text/plain) in SBGOLOB.CBT505.FILE300, moved to FILE300/CLRSCRN#
2023-04-02 23:17:51.095186 - Found CLR2000.txt (text/plain) in SBGOLOB.CBT505.FILE300, moved to FILE300/CLR2000
2023-04-02 23:17:51.096276 - Found CLR2000$.txt (text/plain) in SBGOLOB.CBT505.FILE300, moved to FILE300/CLR2000$
2023-04-02 23:17:51.097234 - Found CLR2000#.txt (text/plain) in SBGOLOB.CBT505.FILE300, moved to FILE300/CLR2000#
2023-04-02 23:17:51.098318 - Found CMD.txt (text/plain) in SBGOLOB.CBT505.FILE300, moved to FILE300/CMD
2023-04-02 23:17:51.099477 - Found CMD$.jcl (text/plain) in SBGOLOB.CBT505.FILE300, moved to FILE300/CMD$
2023-04-02 23:17:51.100536 - Found CMDLOFF.txt (text/plain) in SBGOLOB.CBT505.FILE300, moved to FILE300/CMDLOFF
2023-04-02 23:17:51.101617 - Found CMDLOFF$.jcl (text/plain) in SBGOLOB.CBT505.FILE300, moved to FILE300/CMDLOFF$
2023-04-02 23:17:51.102881 - Found CMDLOFF#.txt (text/plain) in SBGOLOB.CBT505.FILE300, moved to FILE300/CMDLOFF#
2023-04-02 23:17:51.103967 - Found CMDLOFFO.txt (text/plain) in SBGOLOB.CBT505.FILE300, moved to FILE300/CMDLOFFO
2023-04-02 23:17:51.105245 - Found CMDOLD.txt (text/plain) in SBGOLOB.CBT505.FILE300, moved to FILE300/CMDOLD
2023-04-02 23:17:51.106359 - Found CMDOLD$.jcl (text/plain) in SBGOLOB.CBT505.FILE300, moved to FILE300/CMDOLD$
2023-04-02 23:17:51.107512 - Found COBMVS.txt (text/plain) in SBGOLOB.CBT505.FILE300, moved to FILE300/COBMVS
2023-04-02 23:17:51.108549 - Found COBMVS$.txt (text/plain) in SBGOLOB.CBT505.FILE300, moved to FILE300/COBMVS$
2023-04-02 23:17:51.109766 - Found COBMVS#.txt (text/plain) in SBGOLOB.CBT505.FILE300, moved to FILE300/COBMVS#
2023-04-02 23:17:51.111068 - Found COBOLCH$.txt (text/plain) in SBGOLOB.CBT505.FILE300, moved to FILE300/COBOLCH$
2023-04-02 23:17:51.112141 - Found COBOLCH#.txt (text/plain) in SBGOLOB.CBT505.FILE300, moved to FILE300/COBOLCH#
2023-04-02 23:17:51.113231 - Found COBOLCHK.txt (text/plain) in SBGOLOB.CBT505.FILE300, moved to FILE300/COBOLCHK
2023-04-02 23:17:51.114230 - Found COB2CHK.txt (text/plain) in SBGOLOB.CBT505.FILE300, moved to FILE300/COB2CHK
2023-04-02 23:17:51.115154 - Found COB2CHK$.txt (text/plain) in SBGOLOB.CBT505.FILE300, moved to FILE300/COB2CHK$
2023-04-02 23:17:51.116236 - Found COB2CHK#.txt (text/plain) in SBGOLOB.CBT505.FILE300, moved to FILE300/COB2CHK#
2023-04-02 23:17:51.117602 - Found COMPARE.txt (text/plain) in SBGOLOB.CBT505.FILE300, moved to FILE300/COMPARE
2023-04-02 23:17:51.118740 - Found COMPARE$.txt (text/plain) in SBGOLOB.CBT505.FILE300, moved to FILE300/COMPARE$
2023-04-02 23:17:51.119725 - Found COMPARE#.txt (text/plain) in SBGOLOB.CBT505.FILE300, moved to FILE300/COMPARE#
2023-04-02 23:17:51.121002 - Found COMPAREB.txt (text/plain) in SBGOLOB.CBT505.FILE300, moved to FILE300/COMPAREB
2023-04-02 23:17:51.122220 - Found COMPRES$.jcl (text/plain) in SBGOLOB.CBT505.FILE300, moved to FILE300/COMPRES$
2023-04-02 23:17:51.123346 - Found COMPRES#.txt (text/plain) in SBGOLOB.CBT505.FILE300, moved to FILE300/COMPRES#
2023-04-02 23:17:51.124575 - Found COMPRESO.txt (text/plain) in SBGOLOB.CBT505.FILE300, moved to FILE300/COMPRESO
2023-04-02 23:17:51.125821 - Found COMPRESS.txt (text/plain) in SBGOLOB.CBT505.FILE300, moved to FILE300/COMPRESS
2023-04-02 23:17:51.126932 - Found CONCAT.txt (text/plain) in SBGOLOB.CBT505.FILE300, moved to FILE300/CONCAT
2023-04-02 23:17:51.127911 - Found CONCAT$.txt (text/plain) in SBGOLOB.CBT505.FILE300, moved to FILE300/CONCAT$
2023-04-02 23:17:51.129042 - Found CONCAT#.txt (text/plain) in SBGOLOB.CBT505.FILE300, moved to FILE300/CONCAT#
2023-04-02 23:17:51.130160 - Found COPYPDS.txt (text/plain) in SBGOLOB.CBT505.FILE300, moved to FILE300/COPYPDS
2023-04-02 23:17:51.131156 - Found COPYPDS$.txt (text/plain) in SBGOLOB.CBT505.FILE300, moved to FILE300/COPYPDS$
2023-04-02 23:17:51.132241 - Found COPYPDS#.txt (text/plain) in SBGOLOB.CBT505.FILE300, moved to FILE300/COPYPDS#
2023-04-02 23:17:51.133427 - Found COPYSDS.txt (text/plain) in SBGOLOB.CBT505.FILE300, moved to FILE300/COPYSDS
2023-04-02 23:17:51.134533 - Found COPYSDS$.txt (text/plain) in SBGOLOB.CBT505.FILE300, moved to FILE300/COPYSDS$
2023-04-02 23:17:51.135566 - Found COPYSDS#.txt (text/plain) in SBGOLOB.CBT505.FILE300, moved to FILE300/COPYSDS#
2023-04-02 23:17:51.136929 - Found COUNT.txt (text/plain) in SBGOLOB.CBT505.FILE300, moved to FILE300/COUNT
2023-04-02 23:17:51.138015 - Found COUNT$.jcl (text/plain) in SBGOLOB.CBT505.FILE300, moved to FILE300/COUNT$
2023-04-02 23:17:51.139040 - Found COUNT#.txt (text/plain) in SBGOLOB.CBT505.FILE300, moved to FILE300/COUNT#
2023-04-02 23:17:51.140078 - Found COUNT1.txt (text/plain) in SBGOLOB.CBT505.FILE300, moved to FILE300/COUNT1
2023-04-02 23:17:51.141267 - Found COUNT2.txt (text/plain) in SBGOLOB.CBT505.FILE300, moved to FILE300/COUNT2
2023-04-02 23:17:51.142407 - Found CPSCB.txt (text/plain) in SBGOLOB.CBT505.FILE300, moved to FILE300/CPSCB
2023-04-02 23:17:51.143453 - Found CPSCB$.jcl (text/plain) in SBGOLOB.CBT505.FILE300, moved to FILE300/CPSCB$
2023-04-02 23:17:51.144589 - Found CPSCB#.txt (text/plain) in SBGOLOB.CBT505.FILE300, moved to FILE300/CPSCB#
2023-04-02 23:17:51.146024 - Found CVD.txt (text/plain) in SBGOLOB.CBT505.FILE300, moved to FILE300/CVD
2023-04-02 23:17:51.147272 - Found CVD$.jcl (text/plain) in SBGOLOB.CBT505.FILE300, moved to FILE300/CVD$
2023-04-02 23:17:51.148330 - Found CVD#.txt (text/plain) in SBGOLOB.CBT505.FILE300, moved to FILE300/CVD#
2023-04-02 23:17:51.149442 - Found CVX.txt (text/plain) in SBGOLOB.CBT505.FILE300, moved to FILE300/CVX
2023-04-02 23:17:51.150458 - Found CVX$.jcl (text/plain) in SBGOLOB.CBT505.FILE300, moved to FILE300/CVX$
2023-04-02 23:17:51.151563 - Found CVX#.txt (text/plain) in SBGOLOB.CBT505.FILE300, moved to FILE300/CVX#
2023-04-02 23:17:51.152817 - Found DA.txt (text/plain) in SBGOLOB.CBT505.FILE300, moved to FILE300/DA
2023-04-02 23:17:51.153674 - Found DA$.jcl (text/plain) in SBGOLOB.CBT505.FILE300, moved to FILE300/DA$
2023-04-02 23:17:51.154516 - Found DA$ZAP.jcl (text/plain) in SBGOLOB.CBT505.FILE300, moved to FILE300/DA$ZAP
2023-04-02 23:17:51.155602 - Found DA#.txt (text/plain) in SBGOLOB.CBT505.FILE300, moved to FILE300/DA#
2023-04-02 23:17:51.156742 - Found DA@@.txt (text/plain) in SBGOLOB.CBT505.FILE300, moved to FILE300/DA@@
2023-04-02 23:17:51.157752 - Found DAJOB.txt (text/plain) in SBGOLOB.CBT505.FILE300, moved to FILE300/DAJOB
2023-04-02 23:17:51.158793 - Found DAJOB$.jcl (text/plain) in SBGOLOB.CBT505.FILE300, moved to FILE300/DAJOB$
2023-04-02 23:17:51.159837 - Found DAJOB#.txt (text/plain) in SBGOLOB.CBT505.FILE300, moved to FILE300/DAJOB#
2023-04-02 23:17:51.160894 - Found DAJOBO.txt (text/plain) in SBGOLOB.CBT505.FILE300, moved to FILE300/DAJOBO
2023-04-02 23:17:51.161896 - Found DAOLD.txt (text/plain) in SBGOLOB.CBT505.FILE300, moved to FILE300/DAOLD
2023-04-02 23:17:51.162842 - Found DAOLD#.txt (text/plain) in SBGOLOB.CBT505.FILE300, moved to FILE300/DAOLD#
2023-04-02 23:17:51.164017 - Found DAPF.txt (text/plain) in SBGOLOB.CBT505.FILE300, moved to FILE300/DAPF
2023-04-02 23:17:51.165053 - Found DAPF$.jcl (text/plain) in SBGOLOB.CBT505.FILE300, moved to FILE300/DAPF$
2023-04-02 23:17:51.166132 - Found DAPF#.txt (text/plain) in SBGOLOB.CBT505.FILE300, moved to FILE300/DAPF#
2023-04-02 23:17:51.167133 - Found DAPFU.txt (text/plain) in SBGOLOB.CBT505.FILE300, moved to FILE300/DAPFU
2023-04-02 23:17:51.168120 - Found DAPF00.txt (text/plain) in SBGOLOB.CBT505.FILE300, moved to FILE300/DAPF00
2023-04-02 23:17:51.169085 - Found DATE.txt (text/plain) in SBGOLOB.CBT505.FILE300, moved to FILE300/DATE
2023-04-02 23:17:51.170115 - Found DATE$.txt (text/plain) in SBGOLOB.CBT505.FILE300, moved to FILE300/DATE$
2023-04-02 23:17:51.171070 - Found DATE#.txt (text/plain) in SBGOLOB.CBT505.FILE300, moved to FILE300/DATE#
2023-04-02 23:17:51.171980 - Found DDISK.txt (text/plain) in SBGOLOB.CBT505.FILE300, moved to FILE300/DDISK
2023-04-02 23:17:51.172916 - Found DDISK$.jcl (text/plain) in SBGOLOB.CBT505.FILE300, moved to FILE300/DDISK$
2023-04-02 23:17:51.173781 - Found DDISKO.txt (text/plain) in SBGOLOB.CBT505.FILE300, moved to FILE300/DDISKO
2023-04-02 23:17:51.174703 - Found DDISK01.txt (text/plain) in SBGOLOB.CBT505.FILE300, moved to FILE300/DDISK01
2023-04-02 23:17:51.176156 - Found DDX.txt (text/plain) in SBGOLOB.CBT505.FILE300, moved to FILE300/DDX
2023-04-02 23:17:51.177337 - Found DDX$.jcl (text/plain) in SBGOLOB.CBT505.FILE300, moved to FILE300/DDX$
2023-04-02 23:17:51.178502 - Found DDX#.txt (text/plain) in SBGOLOB.CBT505.FILE300, moved to FILE300/DDX#
2023-04-02 23:17:51.179708 - Found DD01.txt (text/plain) in SBGOLOB.CBT505.FILE300, moved to FILE300/DD01
2023-04-02 23:17:51.180733 - Found DECONCA$.txt (text/plain) in SBGOLOB.CBT505.FILE300, moved to FILE300/DECONCA$
2023-04-02 23:17:51.181792 - Found DECONCA#.txt (text/plain) in SBGOLOB.CBT505.FILE300, moved to FILE300/DECONCA#
2023-04-02 23:17:51.182861 - Found DECONCAT.txt (text/plain) in SBGOLOB.CBT505.FILE300, moved to FILE300/DECONCAT
2023-04-02 23:17:51.183890 - Found DELAY.txt (text/plain) in SBGOLOB.CBT505.FILE300, moved to FILE300/DELAY
2023-04-02 23:17:51.185087 - Found DELAY$.txt (text/plain) in SBGOLOB.CBT505.FILE300, moved to FILE300/DELAY$
2023-04-02 23:17:51.186197 - Found DELAY#.txt (text/plain) in SBGOLOB.CBT505.FILE300, moved to FILE300/DELAY#
2023-04-02 23:17:51.187466 - Found DEX.txt (text/plain) in SBGOLOB.CBT505.FILE300, moved to FILE300/DEX
2023-04-02 23:17:51.188524 - Found DEX$.txt (text/plain) in SBGOLOB.CBT505.FILE300, moved to FILE300/DEX$
2023-04-02 23:17:51.189657 - Found DEX#.txt (text/plain) in SBGOLOB.CBT505.FILE300, moved to FILE300/DEX#
2023-04-02 23:17:51.190801 - Found DISPLAY.txt (text/plain) in SBGOLOB.CBT505.FILE300, moved to FILE300/DISPLAY
2023-04-02 23:17:51.192001 - Found DISPLAY$.txt (text/plain) in SBGOLOB.CBT505.FILE300, moved to FILE300/DISPLAY$
2023-04-02 23:17:51.193274 - Found DISPLAY#.txt (text/plain) in SBGOLOB.CBT505.FILE300, moved to FILE300/DISPLAY#
2023-04-02 23:17:51.194601 - Found DLINK.txt (text/plain) in SBGOLOB.CBT505.FILE300, moved to FILE300/DLINK
2023-04-02 23:17:51.195731 - Found DLINK$.jcl (text/plain) in SBGOLOB.CBT505.FILE300, moved to FILE300/DLINK$
2023-04-02 23:17:51.196945 - Found DLINK#.txt (text/plain) in SBGOLOB.CBT505.FILE300, moved to FILE300/DLINK#
2023-04-02 23:17:51.197994 - Found DLINKO.txt (text/plain) in SBGOLOB.CBT505.FILE300, moved to FILE300/DLINKO
2023-04-02 23:17:51.199191 - Found DLPA.txt (text/plain) in SBGOLOB.CBT505.FILE300, moved to FILE300/DLPA
2023-04-02 23:17:51.200268 - Found DLPA$.jcl (text/plain) in SBGOLOB.CBT505.FILE300, moved to FILE300/DLPA$
2023-04-02 23:17:51.201348 - Found DLPA#.txt (text/plain) in SBGOLOB.CBT505.FILE300, moved to FILE300/DLPA#
2023-04-02 23:17:51.202437 - Found DLPAO.txt (text/plain) in SBGOLOB.CBT505.FILE300, moved to FILE300/DLPAO
2023-04-02 23:17:51.203471 - Found DLVLDSS.txt (text/plain) in SBGOLOB.CBT505.FILE300, moved to FILE300/DLVLDSS
2023-04-02 23:17:51.204590 - Found DLVLDSS$.jcl (text/plain) in SBGOLOB.CBT505.FILE300, moved to FILE300/DLVLDSS$
2023-04-02 23:17:51.205597 - Found DLVLDSSO.txt (text/plain) in SBGOLOB.CBT505.FILE300, moved to FILE300/DLVLDSSO
2023-04-02 23:17:51.206661 - Found DLXAUTHC.txt (text/plain) in SBGOLOB.CBT505.FILE300, moved to FILE300/DLXAUTHC
2023-04-02 23:17:51.207886 - Found DOPROG.txt (text/plain) in SBGOLOB.CBT505.FILE300, moved to FILE300/DOPROG
2023-04-02 23:17:51.208965 - Found DOPROG$.txt (text/plain) in SBGOLOB.CBT505.FILE300, moved to FILE300/DOPROG$
2023-04-02 23:17:51.210079 - Found DOPROG#.txt (text/plain) in SBGOLOB.CBT505.FILE300, moved to FILE300/DOPROG#
2023-04-02 23:17:51.211180 - Found DOPROGL.txt (text/plain) in SBGOLOB.CBT505.FILE300, moved to FILE300/DOPROGL
2023-04-02 23:17:51.212231 - Found DOPROGL#.txt (text/plain) in SBGOLOB.CBT505.FILE300, moved to FILE300/DOPROGL#
2023-04-02 23:17:51.213251 - Found DSMF.txt (text/plain) in SBGOLOB.CBT505.FILE300, moved to FILE300/DSMF
2023-04-02 23:17:51.214178 - Found DSMF$.jcl (text/plain) in SBGOLOB.CBT505.FILE300, moved to FILE300/DSMF$
2023-04-02 23:17:51.215131 - Found DSMFOLD.txt (text/plain) in SBGOLOB.CBT505.FILE300, moved to FILE300/DSMFOLD
2023-04-02 23:17:51.216237 - Found DSMF01.txt (text/plain) in SBGOLOB.CBT505.FILE300, moved to FILE300/DSMF01
2023-04-02 23:17:51.217212 - Found DSMF02.txt (text/plain) in SBGOLOB.CBT505.FILE300, moved to FILE300/DSMF02
2023-04-02 23:17:51.218199 - Found DSNCHE$O.txt (text/plain) in SBGOLOB.CBT505.FILE300, moved to FILE300/DSNCHE$O
2023-04-02 23:17:51.219251 - Found DSNCHE##.txt (text/plain) in SBGOLOB.CBT505.FILE300, moved to FILE300/DSNCHE##
2023-04-02 23:17:51.220159 - Found DSNCHEC$.jcl (text/plain) in SBGOLOB.CBT505.FILE300, moved to FILE300/DSNCHEC$
2023-04-02 23:17:51.221049 - Found DSNCHEC#.txt (text/plain) in SBGOLOB.CBT505.FILE300, moved to FILE300/DSNCHEC#
2023-04-02 23:17:51.222024 - Found DSNCHECK.txt (text/plain) in SBGOLOB.CBT505.FILE300, moved to FILE300/DSNCHECK
2023-04-02 23:17:51.223055 - Found DSNCHECO.txt (text/plain) in SBGOLOB.CBT505.FILE300, moved to FILE300/DSNCHECO
2023-04-02 23:17:51.224177 - Found DSPRIN.txt (text/plain) in SBGOLOB.CBT505.FILE300, moved to FILE300/DSPRIN
2023-04-02 23:17:51.225204 - Found DSPRIN$.txt (text/plain) in SBGOLOB.CBT505.FILE300, moved to FILE300/DSPRIN$
2023-04-02 23:17:51.226293 - Found DSPRINT.txt (text/plain) in SBGOLOB.CBT505.FILE300, moved to FILE300/DSPRINT
2023-04-02 23:17:51.227226 - Found DSPRINT#.txt (text/plain) in SBGOLOB.CBT505.FILE300, moved to FILE300/DSPRINT#
2023-04-02 23:17:51.228293 - Found DSVC.txt (text/plain) in SBGOLOB.CBT505.FILE300, moved to FILE300/DSVC
2023-04-02 23:17:51.229486 - Found DSVC$.jcl (text/plain) in SBGOLOB.CBT505.FILE300, moved to FILE300/DSVC$
2023-04-02 23:17:51.230543 - Found DSVC#.txt (text/plain) in SBGOLOB.CBT505.FILE300, moved to FILE300/DSVC#
2023-04-02 23:17:51.231699 - Found DSVCOLD.txt (text/plain) in SBGOLOB.CBT505.FILE300, moved to FILE300/DSVCOLD
2023-04-02 23:17:51.232937 - Found DTOD.jcl (text/plain) in SBGOLOB.CBT505.FILE300, moved to FILE300/DTOD
2023-04-02 23:17:51.234202 - Found DUDASD.txt (text/plain) in SBGOLOB.CBT505.FILE300, moved to FILE300/DUDASD
2023-04-02 23:17:51.235418 - Found DUDASD$.txt (text/plain) in SBGOLOB.CBT505.FILE300, moved to FILE300/DUDASD$
2023-04-02 23:17:51.236606 - Found DUDASD#.txt (text/plain) in SBGOLOB.CBT505.FILE300, moved to FILE300/DUDASD#
2023-04-02 23:17:51.237857 - Found DUDASDR.txt (text/plain) in SBGOLOB.CBT505.FILE300, moved to FILE300/DUDASDR
2023-04-02 23:17:51.239012 - Found DUDASDR$.txt (text/plain) in SBGOLOB.CBT505.FILE300, moved to FILE300/DUDASDR$
2023-04-02 23:17:51.239972 - Found DUDASDR#.txt (text/plain) in SBGOLOB.CBT505.FILE300, moved to FILE300/DUDASDR#
2023-04-02 23:17:51.241027 - Found DUSER.txt (text/plain) in SBGOLOB.CBT505.FILE300, moved to FILE300/DUSER
2023-04-02 23:17:51.242081 - Found DUSER$.jcl (text/plain) in SBGOLOB.CBT505.FILE300, moved to FILE300/DUSER$
2023-04-02 23:17:51.243152 - Found DUSER#.txt (text/plain) in SBGOLOB.CBT505.FILE300, moved to FILE300/DUSER#
2023-04-02 23:17:51.244303 - Found DUSER00.txt (text/plain) in SBGOLOB.CBT505.FILE300, moved to FILE300/DUSER00
2023-04-02 23:17:51.245728 - Found DUSER01.txt (text/plain) in SBGOLOB.CBT505.FILE300, moved to FILE300/DUSER01
2023-04-02 23:17:51.246877 - Found DUTAPE.txt (text/plain) in SBGOLOB.CBT505.FILE300, moved to FILE300/DUTAPE
2023-04-02 23:17:51.247964 - Found DUTAPE$.txt (text/plain) in SBGOLOB.CBT505.FILE300, moved to FILE300/DUTAPE$
2023-04-02 23:17:51.249080 - Found DUTAPE#.txt (text/plain) in SBGOLOB.CBT505.FILE300, moved to FILE300/DUTAPE#
2023-04-02 23:17:51.250239 - Found DYNALC.txt (text/plain) in SBGOLOB.CBT505.FILE300, moved to FILE300/DYNALC
2023-04-02 23:17:51.251330 - Found ECHOHEX.txt (text/plain) in SBGOLOB.CBT505.FILE300, moved to FILE300/ECHOHEX
2023-04-02 23:17:51.252357 - Found ECHOHEX$.txt (text/plain) in SBGOLOB.CBT505.FILE300, moved to FILE300/ECHOHEX$
2023-04-02 23:17:51.253398 - Found ECHOHEX#.txt (text/plain) in SBGOLOB.CBT505.FILE300, moved to FILE300/ECHOHEX#
2023-04-02 23:17:51.254482 - Found EDAIR30.txt (text/plain) in SBGOLOB.CBT505.FILE300, moved to FILE300/EDAIR30
2023-04-02 23:17:51.255577 - Found EKKO.txt (text/plain) in SBGOLOB.CBT505.FILE300, moved to FILE300/EKKO
2023-04-02 23:17:51.268663 - Found EKKO$.jcl (text/plain) in SBGOLOB.CBT505.FILE300, moved to FILE300/EKKO$
2023-04-02 23:17:51.270696 - Found EMPTY.txt (text/plain) in SBGOLOB.CBT505.FILE300, moved to FILE300/EMPTY
2023-04-02 23:17:51.272109 - Found EMPTY$.txt (text/plain) in SBGOLOB.CBT505.FILE300, moved to FILE300/EMPTY$
2023-04-02 23:17:51.273401 - Found EMPTY#.txt (text/plain) in SBGOLOB.CBT505.FILE300, moved to FILE300/EMPTY#
2023-04-02 23:17:51.274761 - Found ERROR#.txt (text/plain) in SBGOLOB.CBT505.FILE300, moved to FILE300/ERROR#
2023-04-02 23:17:51.275862 - Found FINDFIL$.jcl (text/plain) in SBGOLOB.CBT505.FILE300, moved to FILE300/FINDFIL$
2023-04-02 23:17:51.276966 - Found FINDFIL#.txt (text/plain) in SBGOLOB.CBT505.FILE300, moved to FILE300/FINDFIL#
2023-04-02 23:17:51.278018 - Found FINDFILE.txt (text/plain) in SBGOLOB.CBT505.FILE300, moved to FILE300/FINDFILE
2023-04-02 23:17:51.279141 - Found FINDFI01.txt (text/plain) in SBGOLOB.CBT505.FILE300, moved to FILE300/FINDFI01
2023-04-02 23:17:51.280587 - Found FORTP.txt (text/plain) in SBGOLOB.CBT505.FILE300, moved to FILE300/FORTP
2023-04-02 23:17:51.281786 - Found FORTP$.txt (text/plain) in SBGOLOB.CBT505.FILE300, moved to FILE300/FORTP$
2023-04-02 23:17:51.283010 - Found FORTP#.txt (text/plain) in SBGOLOB.CBT505.FILE300, moved to FILE300/FORTP#
2023-04-02 23:17:51.285113 - Found FORTX.txt (text/plain) in SBGOLOB.CBT505.FILE300, moved to FILE300/FORTX
2023-04-02 23:17:51.286233 - Found FORTX$.txt (text/plain) in SBGOLOB.CBT505.FILE300, moved to FILE300/FORTX$
2023-04-02 23:17:51.287205 - Found FORTX#.txt (text/plain) in SBGOLOB.CBT505.FILE300, moved to FILE300/FORTX#
2023-04-02 23:17:51.288597 - Found FORTXLD2.txt (text/plain) in SBGOLOB.CBT505.FILE300, moved to FILE300/FORTXLD2
2023-04-02 23:17:51.289755 - Found FREEALL.txt (text/plain) in SBGOLOB.CBT505.FILE300, moved to FILE300/FREEALL
2023-04-02 23:17:51.291033 - Found FREEALL$.txt (text/plain) in SBGOLOB.CBT505.FILE300, moved to FILE300/FREEALL$
2023-04-02 23:17:51.292251 - Found FREEALL#.txt (text/plain) in SBGOLOB.CBT505.FILE300, moved to FILE300/FREEALL#
2023-04-02 23:17:51.293885 - Found GDDM.txt (text/plain) in SBGOLOB.CBT505.FILE300, moved to FILE300/GDDM
2023-04-02 23:17:51.294955 - Found GFREEA##.txt (text/plain) in SBGOLOB.CBT505.FILE300, moved to FILE300/GFREEA##
2023-04-02 23:17:51.296052 - Found GFREEAL$.txt (text/plain) in SBGOLOB.CBT505.FILE300, moved to FILE300/GFREEAL$
2023-04-02 23:17:51.297123 - Found GFREEAL#.txt (text/plain) in SBGOLOB.CBT505.FILE300, moved to FILE300/GFREEAL#
2023-04-02 23:17:51.298148 - Found GFREEALL.txt (text/plain) in SBGOLOB.CBT505.FILE300, moved to FILE300/GFREEALL
2023-04-02 23:17:51.299130 - Found GSTREA##.txt (text/plain) in SBGOLOB.CBT505.FILE300, moved to FILE300/GSTREA##
2023-04-02 23:17:51.300484 - Found GSTREAM.txt (text/plain) in SBGOLOB.CBT505.FILE300, moved to FILE300/GSTREAM
2023-04-02 23:17:51.301504 - Found GSTREAM$.txt (text/plain) in SBGOLOB.CBT505.FILE300, moved to FILE300/GSTREAM$
2023-04-02 23:17:51.302880 - Found GSTREAM#.txt (text/plain) in SBGOLOB.CBT505.FILE300, moved to FILE300/GSTREAM#
2023-04-02 23:17:51.304190 - Found GTEMACS.txt (text/plain) in SBGOLOB.CBT505.FILE300, moved to FILE300/GTEMACS
2023-04-02 23:17:51.306010 - Found GTEMACSO.txt (text/plain) in SBGOLOB.CBT505.FILE300, moved to FILE300/GTEMACSO
2023-04-02 23:17:51.307448 - Found HLASM.txt (text/plain) in SBGOLOB.CBT505.FILE300, moved to FILE300/HLASM
2023-04-02 23:17:51.308752 - Found HLASM$.txt (text/plain) in SBGOLOB.CBT505.FILE300, moved to FILE300/HLASM$
2023-04-02 23:17:51.309979 - Found HLASM#.txt (text/plain) in SBGOLOB.CBT505.FILE300, moved to FILE300/HLASM#
2023-04-02 23:17:51.311102 - Found IKJCT44$.txt (text/plain) in SBGOLOB.CBT505.FILE300, moved to FILE300/IKJCT44$
2023-04-02 23:17:51.312546 - Found IKJCT44B.txt (text/plain) in SBGOLOB.CBT505.FILE300, moved to FILE300/IKJCT44B
2023-04-02 23:17:51.314182 - Found IKJEBMA9.txt (text/plain) in SBGOLOB.CBT505.FILE300, moved to FILE300/IKJEBMA9
2023-04-02 23:17:51.315618 - Found IKJEFF10.txt (text/plain) in SBGOLOB.CBT505.FILE300, moved to FILE300/IKJEFF10
2023-04-02 23:17:51.316981 - Found IKJEFF53.txt (text/plain) in SBGOLOB.CBT505.FILE300, moved to FILE300/IKJEFF53
2023-04-02 23:17:51.318274 - Found IKJEFTE2.txt (text/plain) in SBGOLOB.CBT505.FILE300, moved to FILE300/IKJEFTE2
2023-04-02 23:17:51.320368 - Found IKJEFTE8.txt (text/plain) in SBGOLOB.CBT505.FILE300, moved to FILE300/IKJEFTE8
2023-04-02 23:17:51.321791 - Found IKJE9CL.txt (text/plain) in SBGOLOB.CBT505.FILE300, moved to FILE300/IKJE9CL
2023-04-02 23:17:51.323237 - Found IKJE9CL$.txt (text/plain) in SBGOLOB.CBT505.FILE300, moved to FILE300/IKJE9CL$
2023-04-02 23:17:51.324509 - Found IKJE9CL#.txt (text/plain) in SBGOLOB.CBT505.FILE300, moved to FILE300/IKJE9CL#
2023-04-02 23:17:51.325729 - Found IKJE9CT.txt (text/plain) in SBGOLOB.CBT505.FILE300, moved to FILE300/IKJE9CT
2023-04-02 23:17:51.326980 - Found IKJE9CT$.txt (text/plain) in SBGOLOB.CBT505.FILE300, moved to FILE300/IKJE9CT$
2023-04-02 23:17:51.328619 - Found IKJE9CT#.txt (text/plain) in SBGOLOB.CBT505.FILE300, moved to FILE300/IKJE9CT#
2023-04-02 23:17:51.331119 - Found IKJE9CX.txt (text/plain) in SBGOLOB.CBT505.FILE300, moved to FILE300/IKJE9CX
2023-04-02 23:17:51.332275 - Found IKJE9CX$.txt (text/plain) in SBGOLOB.CBT505.FILE300, moved to FILE300/IKJE9CX$
2023-04-02 23:17:51.333541 - Found IKJE9CX#.txt (text/plain) in SBGOLOB.CBT505.FILE300, moved to FILE300/IKJE9CX#
2023-04-02 23:17:51.334840 - Found IKJE9DU.txt (text/plain) in SBGOLOB.CBT505.FILE300, moved to FILE300/IKJE9DU
2023-04-02 23:17:51.335986 - Found IKJE9DU$.txt (text/plain) in SBGOLOB.CBT505.FILE300, moved to FILE300/IKJE9DU$
2023-04-02 23:17:51.337246 - Found IKJE9DU#.txt (text/plain) in SBGOLOB.CBT505.FILE300, moved to FILE300/IKJE9DU#
2023-04-02 23:17:51.338448 - Found IKJE9FX.txt (text/plain) in SBGOLOB.CBT505.FILE300, moved to FILE300/IKJE9FX
2023-04-02 23:17:51.339709 - Found IKJE9FX$.txt (text/plain) in SBGOLOB.CBT505.FILE300, moved to FILE300/IKJE9FX$
2023-04-02 23:17:51.340872 - Found IKJE9FX#.txt (text/plain) in SBGOLOB.CBT505.FILE300, moved to FILE300/IKJE9FX#
2023-04-02 23:17:51.341995 - Found IKJE9LT.txt (text/plain) in SBGOLOB.CBT505.FILE300, moved to FILE300/IKJE9LT
2023-04-02 23:17:51.343259 - Found IKJE9LT$.txt (text/plain) in SBGOLOB.CBT505.FILE300, moved to FILE300/IKJE9LT$
2023-04-02 23:17:51.344387 - Found IKJE9LT#.txt (text/plain) in SBGOLOB.CBT505.FILE300, moved to FILE300/IKJE9LT#
2023-04-02 23:17:51.345775 - Found IKJE9LX.txt (text/plain) in SBGOLOB.CBT505.FILE300, moved to FILE300/IKJE9LX
2023-04-02 23:17:51.346905 - Found IKJE9LX$.txt (text/plain) in SBGOLOB.CBT505.FILE300, moved to FILE300/IKJE9LX$
2023-04-02 23:17:51.348467 - Found IKJE9LX#.txt (text/plain) in SBGOLOB.CBT505.FILE300, moved to FILE300/IKJE9LX#
2023-04-02 23:17:51.349866 - Found IKJE9NA.txt (text/plain) in SBGOLOB.CBT505.FILE300, moved to FILE300/IKJE9NA
2023-04-02 23:17:51.350987 - Found IKJE9NA$.txt (text/plain) in SBGOLOB.CBT505.FILE300, moved to FILE300/IKJE9NA$
2023-04-02 23:17:51.352108 - Found IKJE9NA#.txt (text/plain) in SBGOLOB.CBT505.FILE300, moved to FILE300/IKJE9NA#
2023-04-02 23:17:51.353342 - Found IKJE9OF.txt (text/plain) in SBGOLOB.CBT505.FILE300, moved to FILE300/IKJE9OF
2023-04-02 23:17:51.354567 - Found IKJE9OF$.txt (text/plain) in SBGOLOB.CBT505.FILE300, moved to FILE300/IKJE9OF$
2023-04-02 23:17:51.355691 - Found IKJE9OF#.txt (text/plain) in SBGOLOB.CBT505.FILE300, moved to FILE300/IKJE9OF#
2023-04-02 23:17:51.357177 - Found IKJE9PT.txt (text/plain) in SBGOLOB.CBT505.FILE300, moved to FILE300/IKJE9PT
2023-04-02 23:17:51.358407 - Found IKJE9PT$.txt (text/plain) in SBGOLOB.CBT505.FILE300, moved to FILE300/IKJE9PT$
2023-04-02 23:17:51.359609 - Found IKJE9PT#.txt (text/plain) in SBGOLOB.CBT505.FILE300, moved to FILE300/IKJE9PT#
2023-04-02 23:17:51.360967 - Found IKJE9SE.txt (text/plain) in SBGOLOB.CBT505.FILE300, moved to FILE300/IKJE9SE
2023-04-02 23:17:51.362262 - Found IKJE9SE$.txt (text/plain) in SBGOLOB.CBT505.FILE300, moved to FILE300/IKJE9SE$
2023-04-02 23:17:51.363660 - Found IKJE9SE#.txt (text/plain) in SBGOLOB.CBT505.FILE300, moved to FILE300/IKJE9SE#
2023-04-02 23:17:51.365295 - Found IKJE9SP.txt (text/plain) in SBGOLOB.CBT505.FILE300, moved to FILE300/IKJE9SP
2023-04-02 23:17:51.366820 - Found IKJE9SP$.txt (text/plain) in SBGOLOB.CBT505.FILE300, moved to FILE300/IKJE9SP$
2023-04-02 23:17:51.368237 - Found IKJE9SP#.txt (text/plain) in SBGOLOB.CBT505.FILE300, moved to FILE300/IKJE9SP#
2023-04-02 23:17:51.370189 - Found IKJE9SS.txt (text/plain) in SBGOLOB.CBT505.FILE300, moved to FILE300/IKJE9SS
2023-04-02 23:17:51.371537 - Found IKJE9SS$.txt (text/plain) in SBGOLOB.CBT505.FILE300, moved to FILE300/IKJE9SS$
2023-04-02 23:17:51.372704 - Found IKJE9SS#.txt (text/plain) in SBGOLOB.CBT505.FILE300, moved to FILE300/IKJE9SS#
2023-04-02 23:17:51.373891 - Found IKJT9$.txt (text/plain) in SBGOLOB.CBT505.FILE300, moved to FILE300/IKJT9$
2023-04-02 23:17:51.375101 - Found IKJT9FI.txt (text/plain) in SBGOLOB.CBT505.FILE300, moved to FILE300/IKJT9FI
2023-04-02 23:17:51.376155 - Found IKJT9FI$.txt (text/plain) in SBGOLOB.CBT505.FILE300, moved to FILE300/IKJT9FI$
2023-04-02 23:17:51.377552 - Found IKJT9FIZ.txt (text/plain) in SBGOLOB.CBT505.FILE300, moved to FILE300/IKJT9FIZ
2023-04-02 23:17:51.378687 - Found IKJT9LB.txt (text/plain) in SBGOLOB.CBT505.FILE300, moved to FILE300/IKJT9LB
2023-04-02 23:17:51.380067 - Found IKJT9LB$.txt (text/plain) in SBGOLOB.CBT505.FILE300, moved to FILE300/IKJT9LB$
2023-04-02 23:17:51.381420 - Found IKJT9LBZ.txt (text/plain) in SBGOLOB.CBT505.FILE300, moved to FILE300/IKJT9LBZ
2023-04-02 23:17:51.382636 - Found IKJT9LGZ.txt (text/plain) in SBGOLOB.CBT505.FILE300, moved to FILE300/IKJT9LGZ
2023-04-02 23:17:51.384075 - Found IKJT9LI.txt (text/plain) in SBGOLOB.CBT505.FILE300, moved to FILE300/IKJT9LI
2023-04-02 23:17:51.385420 - Found IKJT9LI$.txt (text/plain) in SBGOLOB.CBT505.FILE300, moved to FILE300/IKJT9LI$
2023-04-02 23:17:51.386932 - Found IKJT9MAC.txt (text/plain) in SBGOLOB.CBT505.FILE300, moved to FILE300/IKJT9MAC
2023-04-02 23:17:51.388147 - Found IKJT9Z$$.jcl (text/plain) in SBGOLOB.CBT505.FILE300, moved to FILE300/IKJT9Z$$
2023-04-02 23:17:51.389256 - Found ILRBIRD.txt (text/plain) in SBGOLOB.CBT505.FILE300, moved to FILE300/ILRBIRD
2023-04-02 23:17:51.390359 - Found ILRBIRD$.txt (text/plain) in SBGOLOB.CBT505.FILE300, moved to FILE300/ILRBIRD$
2023-04-02 23:17:51.391450 - Found INFOSYS.txt (text/plain) in SBGOLOB.CBT505.FILE300, moved to FILE300/INFOSYS
2023-04-02 23:17:51.392543 - Found INFOSYS$.txt (text/plain) in SBGOLOB.CBT505.FILE300, moved to FILE300/INFOSYS$
2023-04-02 23:17:51.393624 - Found INFOSYS#.txt (text/plain) in SBGOLOB.CBT505.FILE300, moved to FILE300/INFOSYS#
2023-04-02 23:17:51.394934 - Found INMXPAR$.txt (text/plain) in SBGOLOB.CBT505.FILE300, moved to FILE300/INMXPAR$
2023-04-02 23:17:51.396300 - Found INMXPARM.txt (text/plain) in SBGOLOB.CBT505.FILE300, moved to FILE300/INMXPARM
2023-04-02 23:17:51.397639 - Found INMXZ02.txt (text/plain) in SBGOLOB.CBT505.FILE300, moved to FILE300/INMXZ02
2023-04-02 23:17:51.398934 - Found INMXZ02$.txt (text/plain) in SBGOLOB.CBT505.FILE300, moved to FILE300/INMXZ02$
2023-04-02 23:17:51.400257 - Found INSTREA$.txt (text/plain) in SBGOLOB.CBT505.FILE300, moved to FILE300/INSTREA$
2023-04-02 23:17:51.401792 - Found INSTREA#.txt (text/plain) in SBGOLOB.CBT505.FILE300, moved to FILE300/INSTREA#
2023-04-02 23:17:51.403491 - Found INSTREAM.txt (text/plain) in SBGOLOB.CBT505.FILE300, moved to FILE300/INSTREAM
2023-04-02 23:17:51.404670 - Found IO.txt (text/plain) in SBGOLOB.CBT505.FILE300, moved to FILE300/IO
2023-04-02 23:17:51.406118 - Found IO$.jcl (text/plain) in SBGOLOB.CBT505.FILE300, moved to FILE300/IO$
2023-04-02 23:17:51.407385 - Found IO#.txt (text/plain) in SBGOLOB.CBT505.FILE300, moved to FILE300/IO#
2023-04-02 23:17:51.408848 - Found IO@.txt (text/plain) in SBGOLOB.CBT505.FILE300, moved to FILE300/IO@
2023-04-02 23:17:51.410194 - Found IOOLD.txt (text/plain) in SBGOLOB.CBT505.FILE300, moved to FILE300/IOOLD
2023-04-02 23:17:51.411251 - Found IO01.txt (text/plain) in SBGOLOB.CBT505.FILE300, moved to FILE300/IO01
2023-04-02 23:17:51.412810 - Found IO02.txt (text/plain) in SBGOLOB.CBT505.FILE300, moved to FILE300/IO02
2023-04-02 23:17:51.414016 - Found IO03.txt (text/plain) in SBGOLOB.CBT505.FILE300, moved to FILE300/IO03
2023-04-02 23:17:51.415604 - Found JCLSCAN.txt (text/plain) in SBGOLOB.CBT505.FILE300, moved to FILE300/JCLSCAN
2023-04-02 23:17:51.416755 - Found JCLSCAN$.txt (text/plain) in SBGOLOB.CBT505.FILE300, moved to FILE300/JCLSCAN$
2023-04-02 23:17:51.417714 - Found JCLSCAN#.txt (text/plain) in SBGOLOB.CBT505.FILE300, moved to FILE300/JCLSCAN#
2023-04-02 23:17:51.419256 - Found JCLSC23F.txt (text/plain) in SBGOLOB.CBT505.FILE300, moved to FILE300/JCLSC23F
2023-04-02 23:17:51.420504 - Found JULIAN.txt (text/plain) in SBGOLOB.CBT505.FILE300, moved to FILE300/JULIAN
2023-04-02 23:17:51.421748 - Found JULIAN$.txt (text/plain) in SBGOLOB.CBT505.FILE300, moved to FILE300/JULIAN$
2023-04-02 23:17:51.423148 - Found JULIAN#.txt (text/plain) in SBGOLOB.CBT505.FILE300, moved to FILE300/JULIAN#
2023-04-02 23:17:51.424432 - Found JULIAN@.txt (text/plain) in SBGOLOB.CBT505.FILE300, moved to FILE300/JULIAN@
2023-04-02 23:17:51.425889 - Found JULIANG.txt (text/plain) in SBGOLOB.CBT505.FILE300, moved to FILE300/JULIANG
2023-04-02 23:17:51.427322 - Found JULIANM.txt (text/plain) in SBGOLOB.CBT505.FILE300, moved to FILE300/JULIANM
2023-04-02 23:17:51.428432 - Found JULIANM$.txt (text/plain) in SBGOLOB.CBT505.FILE300, moved to FILE300/JULIANM$
2023-04-02 23:17:51.429471 - Found JULIANM#.txt (text/plain) in SBGOLOB.CBT505.FILE300, moved to FILE300/JULIANM#
2023-04-02 23:17:51.430490 - Found JULIANO.txt (text/plain) in SBGOLOB.CBT505.FILE300, moved to FILE300/JULIANO
2023-04-02 23:17:51.431842 - Found JULIANO$.txt (text/plain) in SBGOLOB.CBT505.FILE300, moved to FILE300/JULIANO$
2023-04-02 23:17:51.432942 - Found JULIANO#.txt (text/plain) in SBGOLOB.CBT505.FILE300, moved to FILE300/JULIANO#
2023-04-02 23:17:51.433944 - Found KOMM.txt (text/plain) in SBGOLOB.CBT505.FILE300, moved to FILE300/KOMM
2023-04-02 23:17:51.435235 - Found KOMM#.txt (text/plain) in SBGOLOB.CBT505.FILE300, moved to FILE300/KOMM#
2023-04-02 23:17:51.436184 - Found LASTCC#.txt (text/plain) in SBGOLOB.CBT505.FILE300, moved to FILE300/LASTCC#
2023-04-02 23:17:51.437131 - Found LASTIPL.txt (text/plain) in SBGOLOB.CBT505.FILE300, moved to FILE300/LASTIPL
2023-04-02 23:17:51.438286 - Found LASTIPL$.txt (text/plain) in SBGOLOB.CBT505.FILE300, moved to FILE300/LASTIPL$
2023-04-02 23:17:51.439469 - Found LASTIPL#.txt (text/plain) in SBGOLOB.CBT505.FILE300, moved to FILE300/LASTIPL#
2023-04-02 23:17:51.440561 - Found LIBCAL##.txt (text/plain) in SBGOLOB.CBT505.FILE300, moved to FILE300/LIBCAL##
2023-04-02 23:17:51.441612 - Found LIBCALL.txt (text/plain) in SBGOLOB.CBT505.FILE300, moved to FILE300/LIBCALL
2023-04-02 23:17:51.442559 - Found LIBCALL$.txt (text/plain) in SBGOLOB.CBT505.FILE300, moved to FILE300/LIBCALL$
2023-04-02 23:17:51.443970 - Found LIBCALL#.txt (text/plain) in SBGOLOB.CBT505.FILE300, moved to FILE300/LIBCALL#
2023-04-02 23:17:51.445199 - Found LISTAX.txt (text/plain) in SBGOLOB.CBT505.FILE300, moved to FILE300/LISTAX
2023-04-02 23:17:51.446563 - Found LISTAX$.jcl (text/plain) in SBGOLOB.CBT505.FILE300, moved to FILE300/LISTAX$
2023-04-02 23:17:51.447774 - Found LISTAX#.txt (text/plain) in SBGOLOB.CBT505.FILE300, moved to FILE300/LISTAX#
2023-04-02 23:17:51.448743 - Found LISTAXO.txt (text/plain) in SBGOLOB.CBT505.FILE300, moved to FILE300/LISTAXO
2023-04-02 23:17:51.449823 - Found LISTCDS.txt (text/plain) in SBGOLOB.CBT505.FILE300, moved to FILE300/LISTCDS
2023-04-02 23:17:51.450637 - Found LISTCDS$.txt (text/plain) in SBGOLOB.CBT505.FILE300, moved to FILE300/LISTCDS$
2023-04-02 23:17:51.451998 - Found LISTCDS#.txt (text/plain) in SBGOLOB.CBT505.FILE300, moved to FILE300/LISTCDS#
2023-04-02 23:17:51.452963 - Found LISTLPA.txt (text/plain) in SBGOLOB.CBT505.FILE300, moved to FILE300/LISTLPA
2023-04-02 23:17:51.453792 - Found LISTLPA$.jcl (text/plain) in SBGOLOB.CBT505.FILE300, moved to FILE300/LISTLPA$
2023-04-02 23:17:51.454601 - Found LISTLPA#.txt (text/plain) in SBGOLOB.CBT505.FILE300, moved to FILE300/LISTLPA#
2023-04-02 23:17:51.455848 - Found LISTLPAO.txt (text/plain) in SBGOLOB.CBT505.FILE300, moved to FILE300/LISTLPAO
2023-04-02 23:17:51.456940 - Found LISTLPA1.txt (text/plain) in SBGOLOB.CBT505.FILE300, moved to FILE300/LISTLPA1
2023-04-02 23:17:51.458192 - Found LISTMOD.txt (text/plain) in SBGOLOB.CBT505.FILE300, moved to FILE300/LISTMOD
2023-04-02 23:17:51.459139 - Found LISTMOD$.jcl (text/plain) in SBGOLOB.CBT505.FILE300, moved to FILE300/LISTMOD$
2023-04-02 23:17:51.460160 - Found LISTMOD#.jcl (text/plain) in SBGOLOB.CBT505.FILE300, moved to FILE300/LISTMOD#
2023-04-02 23:17:51.461132 - Found LISTSPC.txt (text/plain) in SBGOLOB.CBT505.FILE300, moved to FILE300/LISTSPC
2023-04-02 23:17:51.461992 - Found LISTSPC$.txt (text/plain) in SBGOLOB.CBT505.FILE300, moved to FILE300/LISTSPC$
2023-04-02 23:17:51.462852 - Found LISTSPC#.txt (text/plain) in SBGOLOB.CBT505.FILE300, moved to FILE300/LISTSPC#
2023-04-02 23:17:51.464012 - Found LISTSU.txt (text/plain) in SBGOLOB.CBT505.FILE300, moved to FILE300/LISTSU
2023-04-02 23:17:51.465212 - Found LISTSU$.txt (text/plain) in SBGOLOB.CBT505.FILE300, moved to FILE300/LISTSU$
2023-04-02 23:17:51.466186 - Found LISTSU#.txt (text/plain) in SBGOLOB.CBT505.FILE300, moved to FILE300/LISTSU#
2023-04-02 23:17:51.467283 - Found LISTVTO$.txt (text/plain) in SBGOLOB.CBT505.FILE300, moved to FILE300/LISTVTO$
2023-04-02 23:17:51.468345 - Found LISTVTO#.txt (text/plain) in SBGOLOB.CBT505.FILE300, moved to FILE300/LISTVTO#
2023-04-02 23:17:51.469590 - Found LISTVTOC.txt (text/plain) in SBGOLOB.CBT505.FILE300, moved to FILE300/LISTVTOC
2023-04-02 23:17:51.470715 - Found LISTVTOO.txt (text/plain) in SBGOLOB.CBT505.FILE300, moved to FILE300/LISTVTOO
2023-04-02 23:17:51.471935 - Found LM.txt (text/plain) in SBGOLOB.CBT505.FILE300, moved to FILE300/LM
2023-04-02 23:17:51.473139 - Found LM$.jcl (text/plain) in SBGOLOB.CBT505.FILE300, moved to FILE300/LM$
2023-04-02 23:17:51.474162 - Found LM#.txt (text/plain) in SBGOLOB.CBT505.FILE300, moved to FILE300/LM#
2023-04-02 23:17:51.475444 - Found LOGOBSC.txt (text/plain) in SBGOLOB.CBT505.FILE300, moved to FILE300/LOGOBSC
2023-04-02 23:17:51.476648 - Found LOGOSNA.txt (text/plain) in SBGOLOB.CBT505.FILE300, moved to FILE300/LOGOSNA
2023-04-02 23:17:51.477888 - Found LOGTIME.txt (text/plain) in SBGOLOB.CBT505.FILE300, moved to FILE300/LOGTIME
2023-04-02 23:17:51.479001 - Found LOGTIME$.jcl (text/plain) in SBGOLOB.CBT505.FILE300, moved to FILE300/LOGTIME$
2023-04-02 23:17:51.480407 - Found LPSCB.txt (text/plain) in SBGOLOB.CBT505.FILE300, moved to FILE300/LPSCB
2023-04-02 23:17:51.481688 - Found LPSCB$.jcl (text/plain) in SBGOLOB.CBT505.FILE300, moved to FILE300/LPSCB$
2023-04-02 23:17:51.483079 - Found LPSCB#.txt (text/plain) in SBGOLOB.CBT505.FILE300, moved to FILE300/LPSCB#
2023-04-02 23:17:51.484517 - Found LPSCB01.txt (text/plain) in SBGOLOB.CBT505.FILE300, moved to FILE300/LPSCB01
2023-04-02 23:17:51.485944 - Found LPSCB02.txt (text/plain) in SBGOLOB.CBT505.FILE300, moved to FILE300/LPSCB02
2023-04-02 23:17:51.487178 - Found LPSCB03.txt (text/plain) in SBGOLOB.CBT505.FILE300, moved to FILE300/LPSCB03
2023-04-02 23:17:51.489117 - Found MACROS.txt (text/plain) in SBGOLOB.CBT505.FILE300, moved to FILE300/MACROS
2023-04-02 23:17:51.491917 - Found MEMBER.txt (text/plain) in SBGOLOB.CBT505.FILE300, moved to FILE300/MEMBER
2023-04-02 23:17:51.493066 - Found MEMBER$.jcl (text/plain) in SBGOLOB.CBT505.FILE300, moved to FILE300/MEMBER$
2023-04-02 23:17:51.494702 - Found MEMBER#.txt (text/plain) in SBGOLOB.CBT505.FILE300, moved to FILE300/MEMBER#
2023-04-02 23:17:51.496148 - Found MEMBER00.txt (text/plain) in SBGOLOB.CBT505.FILE300, moved to FILE300/MEMBER00
2023-04-02 23:17:51.497730 - Found MURPHY.txt (text/plain) in SBGOLOB.CBT505.FILE300, moved to FILE300/MURPHY
2023-04-02 23:17:51.498833 - Found MURPHY$.txt (text/plain) in SBGOLOB.CBT505.FILE300, moved to FILE300/MURPHY$
2023-04-02 23:17:51.499959 - Found MURPHY#.txt (text/plain) in SBGOLOB.CBT505.FILE300, moved to FILE300/MURPHY#
2023-04-02 23:17:51.501698 - Found MURPHYA.txt (text/plain) in SBGOLOB.CBT505.FILE300, moved to FILE300/MURPHYA
2023-04-02 23:17:51.503288 - Found MURPHYO.txt (text/plain) in SBGOLOB.CBT505.FILE300, moved to FILE300/MURPHYO
2023-04-02 23:17:51.504639 - Found NEWSPA##.txt (text/plain) in SBGOLOB.CBT505.FILE300, moved to FILE300/NEWSPA##
2023-04-02 23:17:51.505827 - Found NEWSPAC$.txt (text/plain) in SBGOLOB.CBT505.FILE300, moved to FILE300/NEWSPAC$
2023-04-02 23:17:51.507096 - Found NEWSPAC#.txt (text/plain) in SBGOLOB.CBT505.FILE300, moved to FILE300/NEWSPAC#
2023-04-02 23:17:51.508225 - Found NEWSPACE.txt (text/plain) in SBGOLOB.CBT505.FILE300, moved to FILE300/NEWSPACE
2023-04-02 23:17:51.509244 - Found NUMBARS.txt (text/plain) in SBGOLOB.CBT505.FILE300, moved to FILE300/NUMBARS
2023-04-02 23:17:51.510231 - Found NUMBARS$.txt (text/plain) in SBGOLOB.CBT505.FILE300, moved to FILE300/NUMBARS$
2023-04-02 23:17:51.511280 - Found NUMBARS#.txt (text/plain) in SBGOLOB.CBT505.FILE300, moved to FILE300/NUMBARS#
2023-04-02 23:17:51.512450 - Found OPERA.txt (text/plain) in SBGOLOB.CBT505.FILE300, moved to FILE300/OPERA
2023-04-02 23:17:51.513452 - Found OPERA$.jcl (text/plain) in SBGOLOB.CBT505.FILE300, moved to FILE300/OPERA$
2023-04-02 23:17:51.514627 - Found OPERA#.txt (text/plain) in SBGOLOB.CBT505.FILE300, moved to FILE300/OPERA#
2023-04-02 23:17:51.515679 - Found OPERA00.txt (text/plain) in SBGOLOB.CBT505.FILE300, moved to FILE300/OPERA00
2023-04-02 23:17:51.516749 - Found OUTPRIN$.jcl (text/plain) in SBGOLOB.CBT505.FILE300, moved to FILE300/OUTPRIN$
2023-04-02 23:17:51.517731 - Found OUTPRIN#.txt (text/plain) in SBGOLOB.CBT505.FILE300, moved to FILE300/OUTPRIN#
2023-04-02 23:17:51.518821 - Found OUTPRINT.txt (text/plain) in SBGOLOB.CBT505.FILE300, moved to FILE300/OUTPRINT
2023-04-02 23:17:51.519778 - Found PDF.txt (text/plain) in SBGOLOB.CBT505.FILE300, moved to FILE300/PDF
2023-04-02 23:17:51.520801 - Found PDF$.txt (text/plain) in SBGOLOB.CBT505.FILE300, moved to FILE300/PDF$
2023-04-02 23:17:51.521720 - Found PDF#.txt (text/plain) in SBGOLOB.CBT505.FILE300, moved to FILE300/PDF#
2023-04-02 23:17:51.522748 - Found PDF##.txt (text/plain) in SBGOLOB.CBT505.FILE300, moved to FILE300/PDF##
2023-04-02 23:17:51.524021 - Found PLIF.txt (text/plain) in SBGOLOB.CBT505.FILE300, moved to FILE300/PLIF
2023-04-02 23:17:51.525023 - Found PLIF#.txt (text/plain) in SBGOLOB.CBT505.FILE300, moved to FILE300/PLIF#
2023-04-02 23:17:51.526010 - Found POF.txt (text/plain) in SBGOLOB.CBT505.FILE300, moved to FILE300/POF
2023-04-02 23:17:51.527107 - Found POF$.txt (text/plain) in SBGOLOB.CBT505.FILE300, moved to FILE300/POF$
2023-04-02 23:17:51.528190 - Found PPXIT.txt (text/plain) in SBGOLOB.CBT505.FILE300, moved to FILE300/PPXIT
2023-04-02 23:17:51.529220 - Found PRINTOF$.txt (text/plain) in SBGOLOB.CBT505.FILE300, moved to FILE300/PRINTOF$
2023-04-02 23:17:51.530172 - Found PRINTOF#.txt (text/plain) in SBGOLOB.CBT505.FILE300, moved to FILE300/PRINTOF#
2023-04-02 23:17:51.531477 - Found PRINTOFF.txt (text/plain) in SBGOLOB.CBT505.FILE300, moved to FILE300/PRINTOFF
2023-04-02 23:17:51.532735 - Found PUNCH.txt (text/plain) in SBGOLOB.CBT505.FILE300, moved to FILE300/PUNCH
2023-04-02 23:17:51.533813 - Found PUNCH$.txt (text/plain) in SBGOLOB.CBT505.FILE300, moved to FILE300/PUNCH$
2023-04-02 23:17:51.534934 - Found PUNCH#.txt (text/plain) in SBGOLOB.CBT505.FILE300, moved to FILE300/PUNCH#
2023-04-02 23:17:51.536145 - Found QCB.txt (text/plain) in SBGOLOB.CBT505.FILE300, moved to FILE300/QCB
2023-04-02 23:17:51.537095 - Found QCB$.txt (text/plain) in SBGOLOB.CBT505.FILE300, moved to FILE300/QCB$
2023-04-02 23:17:51.537950 - Found QCB#.txt (text/plain) in SBGOLOB.CBT505.FILE300, moved to FILE300/QCB#
2023-04-02 23:17:51.538945 - Found QLIST.txt (text/plain) in SBGOLOB.CBT505.FILE300, moved to FILE300/QLIST
2023-04-02 23:17:51.539906 - Found QLIST$.txt (text/plain) in SBGOLOB.CBT505.FILE300, moved to FILE300/QLIST$
2023-04-02 23:17:51.540798 - Found QLIST#.txt (text/plain) in SBGOLOB.CBT505.FILE300, moved to FILE300/QLIST#
2023-04-02 23:17:51.541675 - Found RACFALT.txt (text/plain) in SBGOLOB.CBT505.FILE300, moved to FILE300/RACFALT
2023-04-02 23:17:51.542804 - Found RACFCLST.txt (text/plain) in SBGOLOB.CBT505.FILE300, moved to FILE300/RACFCLST
2023-04-02 23:17:51.544185 - Found REVIEW.txt (text/plain) in SBGOLOB.CBT505.FILE300, moved to FILE300/REVIEW
2023-04-02 23:17:51.545246 - Found REVIEW$.txt (text/plain) in SBGOLOB.CBT505.FILE300, moved to FILE300/REVIEW$
2023-04-02 23:17:51.546182 - Found REVIEW#.txt (text/plain) in SBGOLOB.CBT505.FILE300, moved to FILE300/REVIEW#
2023-04-02 23:17:51.547267 - Found REVIEW@.txt (text/plain) in SBGOLOB.CBT505.FILE300, moved to FILE300/REVIEW@
2023-04-02 23:17:51.548221 - Found REVSMF.txt (text/plain) in SBGOLOB.CBT505.FILE300, moved to FILE300/REVSMF
2023-04-02 23:17:51.549311 - Found RLSE.txt (text/plain) in SBGOLOB.CBT505.FILE300, moved to FILE300/RLSE
2023-04-02 23:17:51.550268 - Found RLSE$.jcl (text/plain) in SBGOLOB.CBT505.FILE300, moved to FILE300/RLSE$
2023-04-02 23:17:51.551236 - Found RLSE$O.txt (text/plain) in SBGOLOB.CBT505.FILE300, moved to FILE300/RLSE$O
2023-04-02 23:17:51.552579 - Found RLSE#.txt (text/plain) in SBGOLOB.CBT505.FILE300, moved to FILE300/RLSE#
2023-04-02 23:17:51.553609 - Found RLSE@.txt (text/plain) in SBGOLOB.CBT505.FILE300, moved to FILE300/RLSE@
2023-04-02 23:17:51.554664 - Found SAFECO##.txt (text/plain) in SBGOLOB.CBT505.FILE300, moved to FILE300/SAFECO##
2023-04-02 23:17:51.555675 - Found SAFECOP$.txt (text/plain) in SBGOLOB.CBT505.FILE300, moved to FILE300/SAFECOP$
2023-04-02 23:17:51.556637 - Found SAFECOP#.txt (text/plain) in SBGOLOB.CBT505.FILE300, moved to FILE300/SAFECOP#
2023-04-02 23:17:51.557914 - Found SAFECOPY.txt (text/plain) in SBGOLOB.CBT505.FILE300, moved to FILE300/SAFECOPY
2023-04-02 23:17:51.559080 - Found SCRATCH.txt (text/plain) in SBGOLOB.CBT505.FILE300, moved to FILE300/SCRATCH
2023-04-02 23:17:51.560242 - Found SCRATCH$.jcl (text/plain) in SBGOLOB.CBT505.FILE300, moved to FILE300/SCRATCH$
2023-04-02 23:17:51.561276 - Found SCRATCH#.txt (text/plain) in SBGOLOB.CBT505.FILE300, moved to FILE300/SCRATCH#
2023-04-02 23:17:51.562278 - Found SCRATCH1.txt (text/plain) in SBGOLOB.CBT505.FILE300, moved to FILE300/SCRATCH1
2023-04-02 23:17:51.563461 - Found SCRAT24.txt (text/plain) in SBGOLOB.CBT505.FILE300, moved to FILE300/SCRAT24
2023-04-02 23:17:51.564508 - Found SHELP.txt (text/plain) in SBGOLOB.CBT505.FILE300, moved to FILE300/SHELP
2023-04-02 23:17:51.565636 - Found SHELP$.txt (text/plain) in SBGOLOB.CBT505.FILE300, moved to FILE300/SHELP$
2023-04-02 23:17:51.566832 - Found SHELP#.txt (text/plain) in SBGOLOB.CBT505.FILE300, moved to FILE300/SHELP#
2023-04-02 23:17:51.568213 - Found SHOWDS.txt (text/plain) in SBGOLOB.CBT505.FILE300, moved to FILE300/SHOWDS
2023-04-02 23:17:51.569504 - Found SHOWDS$.jcl (text/plain) in SBGOLOB.CBT505.FILE300, moved to FILE300/SHOWDS$
2023-04-02 23:17:51.570779 - Found SHOWDS#.txt (text/plain) in SBGOLOB.CBT505.FILE300, moved to FILE300/SHOWDS#
2023-04-02 23:17:51.572159 - Found SHOWDS01.txt (text/plain) in SBGOLOB.CBT505.FILE300, moved to FILE300/SHOWDS01
2023-04-02 23:17:51.573446 - Found SHOWSPC.txt (text/plain) in SBGOLOB.CBT505.FILE300, moved to FILE300/SHOWSPC
2023-04-02 23:17:51.574445 - Found SHOWSPC$.txt (text/plain) in SBGOLOB.CBT505.FILE300, moved to FILE300/SHOWSPC$
2023-04-02 23:17:51.575594 - Found SHOWSPC#.txt (text/plain) in SBGOLOB.CBT505.FILE300, moved to FILE300/SHOWSPC#
2023-04-02 23:17:51.576842 - Found SHOWSS.txt (text/plain) in SBGOLOB.CBT505.FILE300, moved to FILE300/SHOWSS
2023-04-02 23:17:51.577905 - Found SHOWSS$.jcl (text/plain) in SBGOLOB.CBT505.FILE300, moved to FILE300/SHOWSS$
2023-04-02 23:17:51.578937 - Found SHOWSS#.txt (text/plain) in SBGOLOB.CBT505.FILE300, moved to FILE300/SHOWSS#
2023-04-02 23:17:51.579888 - Found SHOWSS00.txt (text/plain) in SBGOLOB.CBT505.FILE300, moved to FILE300/SHOWSS00
2023-04-02 23:17:51.580821 - Found SOLICIT.txt (text/plain) in SBGOLOB.CBT505.FILE300, moved to FILE300/SOLICIT
2023-04-02 23:17:51.581851 - Found SOLICIT$.txt (text/plain) in SBGOLOB.CBT505.FILE300, moved to FILE300/SOLICIT$
2023-04-02 23:17:51.582859 - Found SOLICIT#.txt (text/plain) in SBGOLOB.CBT505.FILE300, moved to FILE300/SOLICIT#
2023-04-02 23:17:51.583812 - Found SORTLNK.txt (text/plain) in SBGOLOB.CBT505.FILE300, moved to FILE300/SORTLNK
2023-04-02 23:17:51.584901 - Found SPFCOPY.txt (text/plain) in SBGOLOB.CBT505.FILE300, moved to FILE300/SPFCOPY
2023-04-02 23:17:51.585811 - Found SPFCOPY$.txt (text/plain) in SBGOLOB.CBT505.FILE300, moved to FILE300/SPFCOPY$
2023-04-02 23:17:51.586779 - Found SPFHOLD.txt (text/plain) in SBGOLOB.CBT505.FILE300, moved to FILE300/SPFHOLD
2023-04-02 23:17:51.587791 - Found SPFSVC.txt (text/plain) in SBGOLOB.CBT505.FILE300, moved to FILE300/SPFSVC
2023-04-02 23:17:51.588814 - Found SPFSVC$.txt (text/plain) in SBGOLOB.CBT505.FILE300, moved to FILE300/SPFSVC$
2023-04-02 23:17:51.589865 - Found SPFSVCO.txt (text/plain) in SBGOLOB.CBT505.FILE300, moved to FILE300/SPFSVCO
2023-04-02 23:17:51.590866 - Found SPZAP.txt (text/plain) in SBGOLOB.CBT505.FILE300, moved to FILE300/SPZAP
2023-04-02 23:17:51.592270 - Found SPZAP$.txt (text/plain) in SBGOLOB.CBT505.FILE300, moved to FILE300/SPZAP$
2023-04-02 23:17:51.593351 - Found SPZAP#.txt (text/plain) in SBGOLOB.CBT505.FILE300, moved to FILE300/SPZAP#
2023-04-02 23:17:51.594380 - Found STACK.txt (text/plain) in SBGOLOB.CBT505.FILE300, moved to FILE300/STACK
2023-04-02 23:17:51.595340 - Found SUBMITX.txt (text/plain) in SBGOLOB.CBT505.FILE300, moved to FILE300/SUBMITX
2023-04-02 23:17:51.596364 - Found SUBMITX$.txt (text/plain) in SBGOLOB.CBT505.FILE300, moved to FILE300/SUBMITX$
2023-04-02 23:17:51.597376 - Found SYSDSN.txt (text/plain) in SBGOLOB.CBT505.FILE300, moved to FILE300/SYSDSN
2023-04-02 23:17:51.598343 - Found SYSDSN$.txt (text/plain) in SBGOLOB.CBT505.FILE300, moved to FILE300/SYSDSN$
2023-04-02 23:17:51.599367 - Found SYSDSN#.txt (text/plain) in SBGOLOB.CBT505.FILE300, moved to FILE300/SYSDSN#
2023-04-02 23:17:51.600369 - Found SYSDSN##.txt (text/plain) in SBGOLOB.CBT505.FILE300, moved to FILE300/SYSDSN##
2023-04-02 23:17:51.601335 - Found SYSID.txt (text/plain) in SBGOLOB.CBT505.FILE300, moved to FILE300/SYSID
2023-04-02 23:17:51.602191 - Found SYSID$.txt (text/plain) in SBGOLOB.CBT505.FILE300, moved to FILE300/SYSID$
2023-04-02 23:17:51.603213 - Found SYSOUT99.txt (text/plain) in SBGOLOB.CBT505.FILE300, moved to FILE300/SYSOUT99
2023-04-02 23:17:51.604369 - Found SYSTEM.txt (text/plain) in SBGOLOB.CBT505.FILE300, moved to FILE300/SYSTEM
2023-04-02 23:17:51.605494 - Found SYSTEM$.jcl (text/plain) in SBGOLOB.CBT505.FILE300, moved to FILE300/SYSTEM$
2023-04-02 23:17:51.606548 - Found SYSTEM#.txt (text/plain) in SBGOLOB.CBT505.FILE300, moved to FILE300/SYSTEM#
2023-04-02 23:17:51.607753 - Found SYSTEM00.txt (text/plain) in SBGOLOB.CBT505.FILE300, moved to FILE300/SYSTEM00
2023-04-02 23:17:51.609077 - Found S99DAIR.txt (text/plain) in SBGOLOB.CBT505.FILE300, moved to FILE300/S99DAIR
2023-04-02 23:17:51.609090 - Found TCAMTTY.bin containing application/octet-stream, moved to FILE300/TCAMTTY
2023-04-02 23:17:51.611314 - Found TO.txt (text/plain) in SBGOLOB.CBT505.FILE300, moved to FILE300/TO
2023-04-02 23:17:51.612403 - Found TO$JDM.txt (text/plain) in SBGOLOB.CBT505.FILE300, moved to FILE300/TO$JDM
2023-04-02 23:17:51.613510 - Found TO$SBG.jcl (text/plain) in SBGOLOB.CBT505.FILE300, moved to FILE300/TO$SBG
2023-04-02 23:17:51.614568 - Found TO#.txt (text/plain) in SBGOLOB.CBT505.FILE300, moved to FILE300/TO#
2023-04-02 23:17:51.615674 - Found TODCNVRT.txt (text/plain) in SBGOLOB.CBT505.FILE300, moved to FILE300/TODCNVRT
2023-04-02 23:17:51.616859 - Found TODPRINT.txt (text/plain) in SBGOLOB.CBT505.FILE300, moved to FILE300/TODPRINT
2023-04-02 23:17:51.617954 - Found TO00.txt (text/plain) in SBGOLOB.CBT505.FILE300, moved to FILE300/TO00
2023-04-02 23:17:51.619013 - Found TPRINT.txt (text/plain) in SBGOLOB.CBT505.FILE300, moved to FILE300/TPRINT
2023-04-02 23:17:51.620048 - Found TPRINT$.txt (text/plain) in SBGOLOB.CBT505.FILE300, moved to FILE300/TPRINT$
2023-04-02 23:17:51.621063 - Found TPRINT#.txt (text/plain) in SBGOLOB.CBT505.FILE300, moved to FILE300/TPRINT#
2023-04-02 23:17:51.622080 - Found TSOCP.txt (text/plain) in SBGOLOB.CBT505.FILE300, moved to FILE300/TSOCP
2023-04-02 23:17:51.623094 - Found TSOCP$.jcl (text/plain) in SBGOLOB.CBT505.FILE300, moved to FILE300/TSOCP$
2023-04-02 23:17:51.624160 - Found TSOEXEC.txt (text/plain) in SBGOLOB.CBT505.FILE300, moved to FILE300/TSOEXEC
2023-04-02 23:17:51.625284 - Found TSOEXEC$.txt (text/plain) in SBGOLOB.CBT505.FILE300, moved to FILE300/TSOEXEC$
2023-04-02 23:17:51.626275 - Found TSOEXEC#.txt (text/plain) in SBGOLOB.CBT505.FILE300, moved to FILE300/TSOEXEC#
2023-04-02 23:17:51.627522 - Found UADLST.txt (text/plain) in SBGOLOB.CBT505.FILE300, moved to FILE300/UADLST
2023-04-02 23:17:51.628710 - Found UADLST$.jcl (text/plain) in SBGOLOB.CBT505.FILE300, moved to FILE300/UADLST$
2023-04-02 23:17:51.629892 - Found UADLST#.txt (text/plain) in SBGOLOB.CBT505.FILE300, moved to FILE300/UADLST#
2023-04-02 23:17:51.631125 - Found UADS.txt (text/plain) in SBGOLOB.CBT505.FILE300, moved to FILE300/UADS
2023-04-02 23:17:51.632300 - Found UADS$.jcl (text/plain) in SBGOLOB.CBT505.FILE300, moved to FILE300/UADS$
2023-04-02 23:17:51.633459 - Found UADS#.txt (text/plain) in SBGOLOB.CBT505.FILE300, moved to FILE300/UADS#
2023-04-02 23:17:51.635216 - Found UADS@.txt (text/plain) in SBGOLOB.CBT505.FILE300, moved to FILE300/UADS@
2023-04-02 23:17:51.636303 - Found UADSO.txt (text/plain) in SBGOLOB.CBT505.FILE300, moved to FILE300/UADSO
2023-04-02 23:17:51.637488 - Found UCBSCAN.txt (text/plain) in SBGOLOB.CBT505.FILE300, moved to FILE300/UCBSCAN
2023-04-02 23:17:51.638746 - Found UCBSCAN$.txt (text/plain) in SBGOLOB.CBT505.FILE300, moved to FILE300/UCBSCAN$
2023-04-02 23:17:51.639777 - Found UNITS.txt (text/plain) in SBGOLOB.CBT505.FILE300, moved to FILE300/UNITS
2023-04-02 23:17:51.640956 - Found UNITS$.jcl (text/plain) in SBGOLOB.CBT505.FILE300, moved to FILE300/UNITS$
2023-04-02 23:17:51.642054 - Found UNITSO1.txt (text/plain) in SBGOLOB.CBT505.FILE300, moved to FILE300/UNITSO1
2023-04-02 23:17:51.643237 - Found UNITS02.txt (text/plain) in SBGOLOB.CBT505.FILE300, moved to FILE300/UNITS02
2023-04-02 23:17:51.644658 - Found USERS.jcl (text/plain) in SBGOLOB.CBT505.FILE300, moved to FILE300/USERS
2023-04-02 23:17:51.645676 - Found USERSACT.txt (text/plain) in SBGOLOB.CBT505.FILE300, moved to FILE300/USERSACT
2023-04-02 23:17:51.646739 - Found USERSC1.txt (text/plain) in SBGOLOB.CBT505.FILE300, moved to FILE300/USERSC1
2023-04-02 23:17:51.648165 - Found USERS00.jcl (text/plain) in SBGOLOB.CBT505.FILE300, moved to FILE300/USERS00
2023-04-02 23:17:51.649509 - Found USERS01.jcl (text/plain) in SBGOLOB.CBT505.FILE300, moved to FILE300/USERS01
2023-04-02 23:17:51.650790 - Found VSFORT.txt (text/plain) in SBGOLOB.CBT505.FILE300, moved to FILE300/VSFORT
2023-04-02 23:17:51.651887 - Found VSFORT$.txt (text/plain) in SBGOLOB.CBT505.FILE300, moved to FILE300/VSFORT$
2023-04-02 23:17:51.652906 - Found VSFORT#3.txt (text/plain) in SBGOLOB.CBT505.FILE300, moved to FILE300/VSFORT#3
2023-04-02 23:17:51.654208 - Found VSFORT#4.txt (text/plain) in SBGOLOB.CBT505.FILE300, moved to FILE300/VSFORT#4
2023-04-02 23:17:51.655410 - Found VSFORT2.txt (text/plain) in SBGOLOB.CBT505.FILE300, moved to FILE300/VSFORT2
2023-04-02 23:17:51.656708 - Found VSMRGN.txt (text/plain) in SBGOLOB.CBT505.FILE300, moved to FILE300/VSMRGN
2023-04-02 23:17:51.657887 - Found VSMRGN$.jcl (text/plain) in SBGOLOB.CBT505.FILE300, moved to FILE300/VSMRGN$
2023-04-02 23:17:51.660058 - Found VTOC.txt (text/plain) in SBGOLOB.CBT505.FILE300, moved to FILE300/VTOC
2023-04-02 23:17:51.661246 - Found VTOC$.txt (text/plain) in SBGOLOB.CBT505.FILE300, moved to FILE300/VTOC$
2023-04-02 23:17:51.662535 - Found VTOC#.txt (text/plain) in SBGOLOB.CBT505.FILE300, moved to FILE300/VTOC#
2023-04-02 23:17:51.663758 - Found WHATIF.txt (text/plain) in SBGOLOB.CBT505.FILE300, moved to FILE300/WHATIF
2023-04-02 23:17:51.664987 - Found WHATIF$.txt (text/plain) in SBGOLOB.CBT505.FILE300, moved to FILE300/WHATIF$
2023-04-02 23:17:51.666121 - Found WHATIF#.txt (text/plain) in SBGOLOB.CBT505.FILE300, moved to FILE300/WHATIF#
2023-04-02 23:17:51.667090 - Found WHOHAS.txt (text/plain) in SBGOLOB.CBT505.FILE300, moved to FILE300/WHOHAS
2023-04-02 23:17:51.668082 - Found WHOHAS$.txt (text/plain) in SBGOLOB.CBT505.FILE300, moved to FILE300/WHOHAS$
2023-04-02 23:17:51.669019 - Found WHOHAS#.jcl (text/plain) in SBGOLOB.CBT505.FILE300, moved to FILE300/WHOHAS#
2023-04-02 23:17:51.669919 - Found WHOHAS2.txt (text/plain) in SBGOLOB.CBT505.FILE300, moved to FILE300/WHOHAS2
2023-04-02 23:17:51.670827 - Found WTC.txt (text/plain) in SBGOLOB.CBT505.FILE300, moved to FILE300/WTC
2023-04-02 23:17:51.672079 - Found WTC$.txt (text/plain) in SBGOLOB.CBT505.FILE300, moved to FILE300/WTC$
2023-04-02 23:17:51.673011 - Found WTC#.txt (text/plain) in SBGOLOB.CBT505.FILE300, moved to FILE300/WTC#
2023-04-02 23:17:51.673022 - Found ZAP.x-dosexec containing application/x-dosexec, moved to FILE300/ZAP
2023-04-02 23:17:51.676199 - Found ZAP$.jcl (text/plain) in SBGOLOB.CBT505.FILE300, moved to FILE300/ZAP$
2023-04-02 23:17:51.677253 - Found ZAP$DOC.txt (text/plain) in SBGOLOB.CBT505.FILE300, moved to FILE300/ZAP$DOC
2023-04-02 23:17:51.678173 - Found ZAP$O.txt (text/plain) in SBGOLOB.CBT505.FILE300, moved to FILE300/ZAP$O
2023-04-02 23:17:51.679092 - Found ZAP#.txt (text/plain) in SBGOLOB.CBT505.FILE300, moved to FILE300/ZAP#
2023-04-02 23:17:51.680218 - Found ZAP#O.txt (text/plain) in SBGOLOB.CBT505.FILE300, moved to FILE300/ZAP#O
2023-04-02 23:17:51.681269 - Found ZAP@.txt (text/plain) in SBGOLOB.CBT505.FILE300, moved to FILE300/ZAP@
2023-04-02 23:17:51.681279 - Found ZAPO.x-dosexec containing application/x-dosexec, moved to FILE300/ZAPO
